<?xml version="1.0" encoding="UTF-8"?>
<!-- Generated by org.testng.reporters.JUnitReportReporter -->
<testsuite hostname="DESKTOP-GJ80SN7" failures="0" tests="1" name="com.mindtree.com.testcases.sample" time="26.570" errors="0" timestamp="18 Nov 2021 06:15:48 GMT">
  <testcase classname="com.mindtree.com.testcases.sample" name="Title" time="26.570"/>
</testsuite> <!-- com.mindtree.com.testcases.sample -->
