<?xml version="1.0" encoding="UTF-8"?>
<!-- Generated by org.testng.reporters.JUnitReportReporter -->
<testsuite hostname="DESKTOP-GJ80SN7" failures="0" tests="1" name="com.mindtree.com.testcases.TC_004_Gifts" time="25.875" errors="0" timestamp="18 Nov 2021 12:58:45 GMT">
  <testcase classname="com.mindtree.com.testcases.TC_004_Gifts" name="Dropdown" time="25.875"/>
</testsuite> <!-- com.mindtree.com.testcases.TC_004_Gifts -->
