<?xml version="1.0" encoding="UTF-8"?>
<!-- Generated by org.testng.reporters.JUnitReportReporter -->
<testsuite hostname="DESKTOP-GJ80SN7" failures="0" tests="2" name="com.mindtree.com.testcases.TC_011_TrackYourOrder" time="53.315" errors="0" timestamp="19 Nov 2021 11:41:20 GMT">
  <testcase classname="com.mindtree.com.testcases.TC_011_TrackYourOrder" name="Track" time="20.769"/>
  <testcase classname="com.mindtree.com.testcases.TC_011_TrackYourOrder" name="Track" time="32.546"/>
</testsuite> <!-- com.mindtree.com.testcases.TC_011_TrackYourOrder -->
