<?xml version="1.0" encoding="UTF-8"?>
<!-- Generated by org.testng.reporters.JUnitReportReporter -->
<testsuite hostname="DESKTOP-GJ80SN7" failures="0" tests="1" name="com.mindtree.com.testcases.TC_006_WishList" time="36.877" errors="0" timestamp="18 Nov 2021 12:58:44 GMT">
  <testcase classname="com.mindtree.com.testcases.TC_006_WishList" name="Increase" time="36.877"/>
</testsuite> <!-- com.mindtree.com.testcases.TC_006_WishList -->
