<?xml version="1.0" encoding="UTF-8"?>
<!-- Generated by org.testng.reporters.JUnitReportReporter -->
<testsuite hostname="DESKTOP-GJ80SN7" failures="0" tests="2" name="com.mindtree.com.testcases.TC_001_Login" time="43.460" errors="0" timestamp="18 Nov 2021 12:58:46 GMT">
  <testcase classname="com.mindtree.com.testcases.TC_001_Login" name="Login" time="17.065"/>
  <testcase classname="com.mindtree.com.testcases.TC_001_Login" name="Login" time="26.395"/>
</testsuite> <!-- com.mindtree.com.testcases.TC_001_Login -->
