<?xml version="1.0" encoding="UTF-8"?>
<!-- Generated by org.testng.reporters.JUnitReportReporter -->
<testsuite hostname="DESKTOP-GJ80SN7" failures="0" tests="2" name="com.mindtree.com.testcases.TC_001_Login" time="34.466" errors="0" timestamp="18 Nov 2021 13:52:24 GMT">
  <testcase classname="com.mindtree.com.testcases.TC_001_Login" name="Login" time="16.405"/>
  <testcase classname="com.mindtree.com.testcases.TC_001_Login" name="Login" time="18.061"/>
</testsuite> <!-- com.mindtree.com.testcases.TC_001_Login -->
