<?xml version="1.0" encoding="UTF-8"?>
<!-- Generated by org.testng.reporters.JUnitReportReporter -->
<testsuite hostname="DESKTOP-GJ80SN7" failures="0" tests="1" name="com.mindtree.com.testcases.TC_004_GiftsDropDown" time="20.362" errors="0" timestamp="22 Nov 2021 06:22:31 GMT">
  <testcase classname="com.mindtree.com.testcases.TC_004_GiftsDropDown" name="Dropdown" time="20.362"/>
</testsuite> <!-- com.mindtree.com.testcases.TC_004_GiftsDropDown -->
