<?xml version="1.0" encoding="UTF-8"?>
<!-- Generated by org.testng.reporters.JUnitReportReporter -->
<testsuite hostname="DESKTOP-GJ80SN7" failures="0" tests="1" name="com.mindtree.com.testcases.TC_007_Adding3Items" time="21.064" errors="0" timestamp="22 Nov 2021 06:22:31 GMT">
  <testcase classname="com.mindtree.com.testcases.TC_007_Adding3Items" name="Cart_Three_Items" time="21.064"/>
</testsuite> <!-- com.mindtree.com.testcases.TC_007_Adding3Items -->
